<?xml version="1.0" encoding="UTF-8"?>
<!-- Generated by org.testng.reporters.JUnitReportReporter -->
<testsuite hostname="Sushil" failures="0" tests="1" name="webelementmethods.isdisplay" time="1.195" errors="0" timestamp="2023-08-11T16:21:32 IST" skipped="0">
  <testcase classname="webelementmethods.isdisplay" name="testMethodisDisplayed" time="1.195"/>
  <system-out/>
</testsuite> <!-- webelementmethods.isdisplay -->
