<?xml version="1.0" encoding="UTF-8"?>
<!-- Generated by org.testng.reporters.JUnitReportReporter -->
<testsuite hostname="Sushil" failures="0" tests="1" name="webelementmethods.gettext" time="1.595" errors="0" timestamp="2023-08-11T16:19:28 IST" skipped="0">
  <testcase classname="webelementmethods.gettext" name="testgetTextMethod" time="1.595"/>
  <system-out/>
</testsuite> <!-- webelementmethods.gettext -->
