<?xml version="1.0" encoding="UTF-8"?>
<!-- Generated by org.testng.reporters.JUnitReportReporter -->
<testsuite hostname="Sushil" failures="0" tests="1" name="webelementmethods.isselect" time="2.100" errors="0" timestamp="2023-08-11T17:40:52 IST" skipped="0">
  <testcase classname="webelementmethods.isselect" name="testMethodisSelected" time="2.100"/>
  <system-out/>
</testsuite> <!-- webelementmethods.isselect -->
