<?xml version="1.0" encoding="UTF-8"?>
<!-- Generated by org.testng.reporters.JUnitReportReporter -->
<testsuite hostname="Sushil" failures="0" tests="1" name="webelementmethods.isenabled" time="1.075" errors="0" timestamp="2023-08-11T16:29:31 IST" skipped="0">
  <testcase classname="webelementmethods.isenabled" name="testMethodisEnabled" time="1.075"/>
  <system-out/>
</testsuite> <!-- webelementmethods.isenabled -->
