<?xml version="1.0" encoding="UTF-8"?>
<!-- Generated by org.testng.reporters.JUnitReportReporter -->
<testsuite hostname="Sushil" failures="0" tests="1" name="webelementmethods.getattribute" time="1.271" errors="0" timestamp="2023-09-08T10:39:54 IST" skipped="0">
  <testcase classname="webelementmethods.getattribute" name="testgetTextMethod" time="1.271"/>
  <system-out/>
</testsuite> <!-- webelementmethods.getattribute -->
